c:\programming\cpp\gameengine\directgameengine\directgameengine\debug\vc140.pdb
c:\programming\cpp\gameengine\directgameengine\directgameengine\debug\vc140.idb
c:\programming\cpp\gameengine\directgameengine\directgameengine\debug\dxapp.obj
c:\programming\cpp\gameengine\directgameengine\directgameengine\debug\directgameengine.pdb
c:\programming\cpp\gameengine\directgameengine\directgameengine\debug\windowmanagerdx.obj
c:\programming\cpp\gameengine\directgameengine\directgameengine\debug\camerasystem.obj
c:\programming\cpp\gameengine\directgameengine\directgameengine\debug\gametimer.obj
c:\programming\cpp\gameengine\directgameengine\directgameengine\debug\basicreader.obj
c:\programming\cpp\gameengine\directgameengine\directgameengine\debug\simpleshader.obj
c:\programming\cpp\gameengine\directgameengine\directgameengine\debug\shaderprogram.obj
c:\programming\cpp\gameengine\directgameengine\directgameengine\debug\batchrenderer2d.obj
c:\programming\cpp\gameengine\directgameengine\directgameengine\debug\renderer.obj
c:\programming\cpp\gameengine\directgameengine\directgameengine\debug\systemmanager.obj
c:\programming\cpp\gameengine\directgameengine\directgameengine\debug\matrixhelper.obj
c:\programming\cpp\gameengine\directgameengine\directgameengine\debug\entity.obj
c:\programming\cpp\gameengine\directgameengine\directgameengine\debug\entitymanager.obj
c:\programming\cpp\gameengine\directgameengine\directgameengine\debug\simplegameapp.obj
c:\programming\cpp\gameengine\directgameengine\directgameengine\debug\directgameengine.idb
c:\programming\cpp\gameengine\directgameengine\debug\simplepixelshader.cso
c:\programming\cpp\gameengine\directgameengine\debug\simplevertexshader.cso
c:\programming\cpp\gameengine\directgameengine\debug\directgameengine.lib
c:\programming\cpp\gameengine\directgameengine\debug\directgameengine.exp
c:\programming\cpp\gameengine\directgameengine\debug\directgameengine.ilk
c:\programming\cpp\gameengine\directgameengine\debug\directgameengine.dll
c:\programming\cpp\gameengine\directgameengine\debug\directgameengine.pdb
c:\programming\cpp\gameengine\directgameengine\directgameengine\debug\batchrenderer2d.obj.enc
c:\programming\cpp\gameengine\directgameengine\directgameengine\debug\dxapp.obj.enc
c:\programming\cpp\gameengine\directgameengine\directgameengine\debug\test.obj.enc
c:\programming\cpp\gameengine\directgameengine\directgameengine\debug\directgameengine.tlog\cl.command.1.tlog
c:\programming\cpp\gameengine\directgameengine\directgameengine\debug\directgameengine.tlog\cl.read.1.tlog
c:\programming\cpp\gameengine\directgameengine\directgameengine\debug\directgameengine.tlog\cl.write.1.tlog
c:\programming\cpp\gameengine\directgameengine\directgameengine\debug\directgameengine.tlog\directgameengine.write.1u.tlog
c:\programming\cpp\gameengine\directgameengine\directgameengine\debug\directgameengine.tlog\fxc.command.1.tlog
c:\programming\cpp\gameengine\directgameengine\directgameengine\debug\directgameengine.tlog\fxc.read.1.tlog
c:\programming\cpp\gameengine\directgameengine\directgameengine\debug\directgameengine.tlog\fxc.write.1.tlog
c:\programming\cpp\gameengine\directgameengine\directgameengine\debug\directgameengine.tlog\lib-link.read.1.tlog
c:\programming\cpp\gameengine\directgameengine\directgameengine\debug\directgameengine.tlog\lib-link.write.1.tlog
c:\programming\cpp\gameengine\directgameengine\directgameengine\debug\directgameengine.tlog\lib.command.1.tlog
c:\programming\cpp\gameengine\directgameengine\directgameengine\debug\directgameengine.tlog\link.command.1.tlog
c:\programming\cpp\gameengine\directgameengine\directgameengine\debug\directgameengine.tlog\link.read.1.tlog
c:\programming\cpp\gameengine\directgameengine\directgameengine\debug\directgameengine.tlog\link.write.1.tlog
